<?xml version="1.0" encoding="UTF-8"?>
<!-- Generated by org.testng.reporters.JUnitReportReporter -->
<testsuite hostname="DESKTOP-UD0VP2U" failures="0" tests="1" name="DDT.FetchingDataFromPDF" time="0.638" errors="0" timestamp="2024-11-16T20:11:05 IST" skipped="0">
  <testcase classname="DDT.FetchingDataFromPDF" name="FetchingDataFromPDF" time="0.638"/>
</testsuite> <!-- DDT.FetchingDataFromPDF -->
