<?xml version="1.0" encoding="UTF-8"?>
<!-- Generated by org.testng.reporters.JUnitReportReporter -->
<testsuite hostname="DESKTOP-UD0VP2U" failures="0" tests="1" name="Campaing.CreateCampaignWithProduct" time="24.856" errors="0" timestamp="2024-12-04T11:21:08 IST" skipped="0">
  <testcase classname="Campaing.CreateCampaignWithProduct" name="CreateCampaignWithProduct" time="24.856"/>
  <system-out/>
</testsuite> <!-- Campaing.CreateCampaignWithProduct -->
