<?xml version="1.0" encoding="UTF-8"?>
<!-- Generated by org.testng.reporters.JUnitReportReporter -->
<testsuite hostname="DESKTOP-UD0VP2U" failures="0" tests="3" name="TestNG.Sample1" time="0.014" errors="0" timestamp="2024-12-13T12:09:07 IST" skipped="0">
  <testcase classname="TestNG.Sample1" name="modifyContact" time="0.003"/>
  <system-out/>
  <testcase classname="TestNG.Sample1" name="createContact" time="0.004"/>
  <system-out/>
  <testcase classname="TestNG.Sample1" name="deleteContact" time="0.007"/>
  <system-out/>
</testsuite> <!-- TestNG.Sample1 -->
