<?xml version="1.0" encoding="UTF-8"?>
<!-- Generated by org.testng.reporters.JUnitReportReporter -->
<testsuite hostname="DESKTOP-UD0VP2U" failures="0" tests="1" name="Product.CreateProduct" time="49.939" errors="0" timestamp="2024-12-05T12:56:46 IST" skipped="0">
  <testcase classname="Product.CreateProduct" name="CreateProduct" time="49.939"/>
  <system-out/>
</testsuite> <!-- Product.CreateProduct -->
