<?xml version="1.0" encoding="UTF-8"?>
<!-- Generated by org.testng.reporters.JUnitReportReporter -->
<testsuite hostname="DESKTOP-UD0VP2U" failures="0" tests="4" name="TestNG.Sample2" time="0.036" errors="0" timestamp="2024-12-13T12:09:07 IST" skipped="0">
  <testcase classname="TestNG.Sample2" name="deleteContact" time="0.004"/>
  <system-out/>
  <testcase classname="TestNG.Sample2" name="deleteContact" time="0.014"/>
  <system-out/>
  <testcase classname="TestNG.Sample2" name="modifyContact" time="0.003"/>
  <system-out/>
  <testcase classname="TestNG.Sample2" name="createContact" time="0.015"/>
  <system-out/>
</testsuite> <!-- TestNG.Sample2 -->
