<?xml version="1.0" encoding="UTF-8"?>
<!-- Generated by org.testng.reporters.JUnitReportReporter -->
<testsuite hostname="DESKTOP-UD0VP2U" failures="0" tests="1" name="DDT.FetchingDataFromJason" time="4.452" errors="0" timestamp="2024-11-12T13:13:56 IST" skipped="0">
  <testcase classname="DDT.FetchingDataFromJason" name="FetchingDataFromJason" time="4.452"/>
</testsuite> <!-- DDT.FetchingDataFromJason -->
