<?xml version="1.0" encoding="UTF-8"?>
<!-- Generated by org.testng.reporters.JUnitReportReporter -->
<testsuite hostname="DESKTOP-UD0VP2U" failures="0" tests="3" name="TestNG.Sample4" time="0.008" errors="0" timestamp="2024-12-13T12:09:07 IST" skipped="0">
  <testcase classname="TestNG.Sample4" name="modifyContact" time="0.004"/>
  <system-out/>
  <testcase classname="TestNG.Sample4" name="createContact" time="0.002"/>
  <system-out/>
  <testcase classname="TestNG.Sample4" name="deleteContact" time="0.002"/>
  <system-out/>
</testsuite> <!-- TestNG.Sample4 -->
