<?xml version="1.0" encoding="UTF-8"?>
<!-- Generated by org.testng.reporters.JUnitReportReporter -->
<testsuite hostname="DESKTOP-UD0VP2U" failures="0" tests="1" name="DDT.ReadingDataFromPropertiesFile" time="0.067" errors="0" timestamp="2024-12-13T12:09:07 IST" skipped="0">
  <testcase classname="DDT.ReadingDataFromPropertiesFile" name="ReadingData" time="0.067"/>
  <system-out/>
</testsuite> <!-- DDT.ReadingDataFromPropertiesFile -->
