<?xml version="1.0" encoding="UTF-8"?>
<!-- Generated by org.testng.reporters.JUnitReportReporter -->
<testsuite hostname="DESKTOP-UD0VP2U" failures="0" tests="1" name="TestNG.DataProviderEx3" time="0.000" errors="0" timestamp="2024-12-13T12:09:07 IST" skipped="1">
  <testcase classname="TestNG.DataProviderEx3" name="createOrganization" time="0.000">
    <skipped/>
  </testcase> <!-- createOrganization -->
  <system-out/>
</testsuite> <!-- TestNG.DataProviderEx3 -->
