<?xml version="1.0" encoding="UTF-8"?>
<!-- Generated by org.testng.reporters.JUnitReportReporter -->
<testsuite hostname="DESKTOP-UD0VP2U" failures="0" tests="3" name="TestNG.DataProviderEx1" time="0.009" errors="0" timestamp="2024-12-13T12:09:07 IST" skipped="0">
  <testcase classname="TestNG.DataProviderEx1" name="bookTickets" time="0.001"/>
  <system-out/>
  <testcase classname="TestNG.DataProviderEx1" name="bookTickets" time="0.007"/>
  <system-out/>
  <testcase classname="TestNG.DataProviderEx1" name="bookTickets" time="0.001"/>
  <system-out/>
</testsuite> <!-- TestNG.DataProviderEx1 -->
